0 info it worked if it ends with ok
1 verbose cli [ '/usr/bin/node', '/usr/bin/npm', 'install', 'node@latest', '-g' ]
2 info using npm@3.5.2
3 info using node@v8.10.0
4 silly loadCurrentTree Starting
5 silly install loadCurrentTree
6 silly install readGlobalPackageData
7 silly fetchPackageMetaData node@latest
8 silly fetchNamedPackageData node
9 silly mapToRegistry name node
10 silly mapToRegistry using default registry
11 silly mapToRegistry registry https://registry.npmjs.org/
12 silly mapToRegistry uri https://registry.npmjs.org/node
13 verbose request uri https://registry.npmjs.org/node
14 verbose request no auth needed
15 info attempt registry request try #1 at 11:55:10 PM
16 verbose request id c1cf14ec122128c9
17 http request GET https://registry.npmjs.org/node
18 http 200 https://registry.npmjs.org/node
19 verbose headers { date: 'Fri, 12 Mar 2021 05:55:11 GMT',
19 verbose headers   'content-type': 'application/json',
19 verbose headers   'transfer-encoding': 'chunked',
19 verbose headers   connection: 'keep-alive',
19 verbose headers   'set-cookie':
19 verbose headers    [ '__cfduid=d2e63f28b3a34e8d1fe644ab7dbfbf7621615528511; expires=Sun, 11-Apr-21 05:55:11 GMT; path=/; domain=.npmjs.org; HttpOnly; SameSite=Lax' ],
19 verbose headers   'cf-ray': '62eac5accc683057-ORD',
19 verbose headers   age: '4728',
19 verbose headers   'cache-control': 'public, max-age=300',
19 verbose headers   etag: 'W/"589062cf965aab8d69e40b6bd006b4cb"',
19 verbose headers   'last-modified': 'Tue, 02 Mar 2021 16:31:04 GMT',
19 verbose headers   vary: 'accept-encoding, accept',
19 verbose headers   'cf-cache-status': 'HIT',
19 verbose headers   'cf-request-id': '08c699e00100003057ab0c7000000001',
19 verbose headers   'expect-ct': 'max-age=604800, report-uri="https://report-uri.cloudflare.com/cdn-cgi/beacon/expect-ct"',
19 verbose headers   server: 'cloudflare',
19 verbose headers   'content-encoding': 'gzip' }
20 silly get cb [ 200,
20 silly get   { date: 'Fri, 12 Mar 2021 05:55:11 GMT',
20 silly get     'content-type': 'application/json',
20 silly get     'transfer-encoding': 'chunked',
20 silly get     connection: 'keep-alive',
20 silly get     'set-cookie':
20 silly get      [ '__cfduid=d2e63f28b3a34e8d1fe644ab7dbfbf7621615528511; expires=Sun, 11-Apr-21 05:55:11 GMT; path=/; domain=.npmjs.org; HttpOnly; SameSite=Lax' ],
20 silly get     'cf-ray': '62eac5accc683057-ORD',
20 silly get     age: '4728',
20 silly get     'cache-control': 'public, max-age=300',
20 silly get     etag: 'W/"589062cf965aab8d69e40b6bd006b4cb"',
20 silly get     'last-modified': 'Tue, 02 Mar 2021 16:31:04 GMT',
20 silly get     vary: 'accept-encoding, accept',
20 silly get     'cf-cache-status': 'HIT',
20 silly get     'cf-request-id': '08c699e00100003057ab0c7000000001',
20 silly get     'expect-ct': 'max-age=604800, report-uri="https://report-uri.cloudflare.com/cdn-cgi/beacon/expect-ct"',
20 silly get     server: 'cloudflare',
20 silly get     'content-encoding': 'gzip' } ]
21 verbose get saving node to /home/sajja/.npm/registry.npmjs.org/node/.cache.json
22 silly install normalizeTree
23 silly loadCurrentTree Finishing
24 silly loadIdealTree Starting
25 silly install loadIdealTree
26 silly cloneCurrentTree Starting
27 silly install cloneCurrentTreeToIdealTree
28 silly cloneCurrentTree Finishing
29 silly loadShrinkwrap Starting
30 silly install loadShrinkwrap
31 silly loadShrinkwrap Finishing
32 silly loadAllDepsIntoIdealTree Starting
33 silly install loadAllDepsIntoIdealTree
34 silly resolveWithNewModule node@15.10.0 checking installable status
35 silly cache add args [ 'node@latest', null ]
36 verbose cache add spec node@latest
37 silly cache add parsed spec Result {
37 silly cache add   raw: 'node@latest',
37 silly cache add   scope: null,
37 silly cache add   name: 'node',
37 silly cache add   rawSpec: 'latest',
37 silly cache add   spec: 'latest',
37 silly cache add   type: 'tag' }
38 silly addNamed node@latest
39 verbose addNamed "latest" is being treated as a dist-tag for node
40 info addNameTag [ 'node', 'latest' ]
41 silly mapToRegistry name node
42 silly mapToRegistry using default registry
43 silly mapToRegistry registry https://registry.npmjs.org/
44 silly mapToRegistry uri https://registry.npmjs.org/node
45 verbose addNameTag registry:https://registry.npmjs.org/node not in flight; fetching
46 verbose get https://registry.npmjs.org/node not expired, no request
47 silly addNameTag next cb for node with tag latest
48 silly addNamed node@15.10.0
49 verbose addNamed "15.10.0" is a plain semver version for node
50 silly mapToRegistry name node
51 silly mapToRegistry using default registry
52 silly mapToRegistry registry https://registry.npmjs.org/
53 silly mapToRegistry uri https://registry.npmjs.org/node
54 verbose addRemoteTarball https://registry.npmjs.org/node/-/node-15.10.0.tgz not in flight; adding
55 verbose addRemoteTarball [ 'https://registry.npmjs.org/node/-/node-15.10.0.tgz',
55 verbose addRemoteTarball   '082a1e03cb4b58199d4b427b379dca6053193260' ]
56 info retry fetch attempt 1 at 11:55:11 PM
57 info attempt registry request try #1 at 11:55:11 PM
58 http fetch GET https://registry.npmjs.org/node/-/node-15.10.0.tgz
59 http fetch 200 https://registry.npmjs.org/node/-/node-15.10.0.tgz
60 silly fetchAndShaCheck shasum 082a1e03cb4b58199d4b427b379dca6053193260
61 verbose addTmpTarball /tmp/npm-765-c8fae80d/registry.npmjs.org/node/-/node-15.10.0.tgz not in flight; adding
62 verbose addTmpTarball already have metadata; skipping unpack for node@15.10.0
63 silly cache afterAdd node@15.10.0
64 verbose afterAdd /home/sajja/.npm/node/15.10.0/package/package.json not in flight; writing
65 verbose afterAdd /home/sajja/.npm/node/15.10.0/package/package.json written
66 silly fetchNamedPackageData node-bin-setup
67 silly mapToRegistry name node-bin-setup
68 silly mapToRegistry using default registry
69 silly mapToRegistry registry https://registry.npmjs.org/
70 silly mapToRegistry uri https://registry.npmjs.org/node-bin-setup
71 verbose request uri https://registry.npmjs.org/node-bin-setup
72 verbose request no auth needed
73 info attempt registry request try #1 at 11:55:11 PM
74 http request GET https://registry.npmjs.org/node-bin-setup
75 http 200 https://registry.npmjs.org/node-bin-setup
76 verbose headers { date: 'Fri, 12 Mar 2021 05:55:12 GMT',
76 verbose headers   'content-type': 'application/json; charset=UTF-8',
76 verbose headers   'transfer-encoding': 'chunked',
76 verbose headers   connection: 'keep-alive',
76 verbose headers   'set-cookie':
76 verbose headers    [ '__cfduid=d1f846429d9a34b559324493a081923921615528512; expires=Sun, 11-Apr-21 05:55:12 GMT; path=/; domain=.npmjs.org; HttpOnly; SameSite=Lax' ],
76 verbose headers   'cf-ray': '62eac5b11cb33057-ORD',
76 verbose headers   age: '4396',
76 verbose headers   'cache-control': 'public, max-age=300',
76 verbose headers   etag: 'W/"696d6ec470fda56a33885508a280edab"',
76 verbose headers   'last-modified': 'Sun, 27 May 2018 09:55:03 GMT',
76 verbose headers   vary: 'accept-encoding, accept',
76 verbose headers   'cf-cache-status': 'HIT',
76 verbose headers   'cf-request-id': '08c699e2b200003057ab10f000000001',
76 verbose headers   'expect-ct': 'max-age=604800, report-uri="https://report-uri.cloudflare.com/cdn-cgi/beacon/expect-ct"',
76 verbose headers   server: 'cloudflare',
76 verbose headers   'content-encoding': 'gzip' }
77 silly get cb [ 200,
77 silly get   { date: 'Fri, 12 Mar 2021 05:55:12 GMT',
77 silly get     'content-type': 'application/json; charset=UTF-8',
77 silly get     'transfer-encoding': 'chunked',
77 silly get     connection: 'keep-alive',
77 silly get     'set-cookie':
77 silly get      [ '__cfduid=d1f846429d9a34b559324493a081923921615528512; expires=Sun, 11-Apr-21 05:55:12 GMT; path=/; domain=.npmjs.org; HttpOnly; SameSite=Lax' ],
77 silly get     'cf-ray': '62eac5b11cb33057-ORD',
77 silly get     age: '4396',
77 silly get     'cache-control': 'public, max-age=300',
77 silly get     etag: 'W/"696d6ec470fda56a33885508a280edab"',
77 silly get     'last-modified': 'Sun, 27 May 2018 09:55:03 GMT',
77 silly get     vary: 'accept-encoding, accept',
77 silly get     'cf-cache-status': 'HIT',
77 silly get     'cf-request-id': '08c699e2b200003057ab10f000000001',
77 silly get     'expect-ct': 'max-age=604800, report-uri="https://report-uri.cloudflare.com/cdn-cgi/beacon/expect-ct"',
77 silly get     server: 'cloudflare',
77 silly get     'content-encoding': 'gzip' } ]
78 verbose get saving node-bin-setup to /home/sajja/.npm/registry.npmjs.org/node-bin-setup/.cache.json
79 silly resolveWithNewModule node-bin-setup@1.0.6 checking installable status
80 silly cache add args [ 'node-bin-setup@^1.0.0', null ]
81 verbose cache add spec node-bin-setup@^1.0.0
82 silly cache add parsed spec Result {
82 silly cache add   raw: 'node-bin-setup@^1.0.0',
82 silly cache add   scope: null,
82 silly cache add   name: 'node-bin-setup',
82 silly cache add   rawSpec: '^1.0.0',
82 silly cache add   spec: '>=1.0.0 <2.0.0',
82 silly cache add   type: 'range' }
83 silly addNamed node-bin-setup@>=1.0.0 <2.0.0
84 verbose addNamed ">=1.0.0 <2.0.0" is a valid semver range for node-bin-setup
85 silly addNameRange { name: 'node-bin-setup',
85 silly addNameRange   range: '>=1.0.0 <2.0.0',
85 silly addNameRange   hasData: false }
86 silly mapToRegistry name node-bin-setup
87 silly mapToRegistry using default registry
88 silly mapToRegistry registry https://registry.npmjs.org/
89 silly mapToRegistry uri https://registry.npmjs.org/node-bin-setup
90 verbose addNameRange registry:https://registry.npmjs.org/node-bin-setup not in flight; fetching
91 verbose get https://registry.npmjs.org/node-bin-setup not expired, no request
92 silly addNameRange number 2 { name: 'node-bin-setup',
92 silly addNameRange   range: '>=1.0.0 <2.0.0',
92 silly addNameRange   hasData: true }
93 silly addNameRange versions [ 'node-bin-setup',
93 silly addNameRange   [ '1.0.0', '1.0.1', '1.0.2', '1.0.3', '1.0.4', '1.0.6' ] ]
94 silly addNamed node-bin-setup@1.0.6
95 verbose addNamed "1.0.6" is a plain semver version for node-bin-setup
96 silly mapToRegistry name node-bin-setup
97 silly mapToRegistry using default registry
98 silly mapToRegistry registry https://registry.npmjs.org/
99 silly mapToRegistry uri https://registry.npmjs.org/node-bin-setup
100 verbose addRemoteTarball https://registry.npmjs.org/node-bin-setup/-/node-bin-setup-1.0.6.tgz not in flight; adding
101 verbose addRemoteTarball [ 'https://registry.npmjs.org/node-bin-setup/-/node-bin-setup-1.0.6.tgz',
101 verbose addRemoteTarball   '4b5c9bb937ece702d7069b36ca78af4684677528' ]
102 info retry fetch attempt 1 at 11:55:11 PM
103 info attempt registry request try #1 at 11:55:11 PM
104 http fetch GET https://registry.npmjs.org/node-bin-setup/-/node-bin-setup-1.0.6.tgz
105 http fetch 200 https://registry.npmjs.org/node-bin-setup/-/node-bin-setup-1.0.6.tgz
106 silly fetchAndShaCheck shasum 4b5c9bb937ece702d7069b36ca78af4684677528
107 verbose addTmpTarball /tmp/npm-765-c8fae80d/registry.npmjs.org/node-bin-setup/-/node-bin-setup-1.0.6.tgz not in flight; adding
108 verbose addTmpTarball already have metadata; skipping unpack for node-bin-setup@1.0.6
109 silly cache afterAdd node-bin-setup@1.0.6
110 verbose afterAdd /home/sajja/.npm/node-bin-setup/1.0.6/package/package.json not in flight; writing
111 verbose afterAdd /home/sajja/.npm/node-bin-setup/1.0.6/package/package.json written
112 silly loadAllDepsIntoIdealTree Finishing
113 silly idealTree:prePrune lib
113 silly idealTree:prePrune └─┬ node@15.10.0
113 silly idealTree:prePrune   └── node-bin-setup@1.0.6
114 silly loadIdealTree Finishing
115 silly currentTree lib
116 silly idealTree lib
116 silly idealTree └─┬ node@15.10.0
116 silly idealTree   └── node-bin-setup@1.0.6
117 silly generateActionsToTake Starting
118 silly install generateActionsToTake
119 silly generateActionsToTake Finishing
120 silly diffTrees action count 2
121 silly diffTrees add node-bin-setup@1.0.6
122 silly diffTrees add node@15.10.0
123 silly decomposeActions action count 16
124 silly decomposeActions fetch node-bin-setup@1.0.6
125 silly decomposeActions extract node-bin-setup@1.0.6
126 silly decomposeActions test node-bin-setup@1.0.6
127 silly decomposeActions preinstall node-bin-setup@1.0.6
128 silly decomposeActions build node-bin-setup@1.0.6
129 silly decomposeActions install node-bin-setup@1.0.6
130 silly decomposeActions postinstall node-bin-setup@1.0.6
131 silly decomposeActions finalize node-bin-setup@1.0.6
132 silly decomposeActions fetch node@15.10.0
133 silly decomposeActions extract node@15.10.0
134 silly decomposeActions test node@15.10.0
135 silly decomposeActions preinstall node@15.10.0
136 silly decomposeActions build node@15.10.0
137 silly decomposeActions install node@15.10.0
138 silly decomposeActions postinstall node@15.10.0
139 silly decomposeActions finalize node@15.10.0
140 silly executeActions Starting
141 silly install executeActions
142 silly doSerial global-install 0
143 silly doParallel fetch 2
144 verbose lock using /home/sajja/.npm/_locks/staging-3a08f0df5026584d.lock for /usr/local/lib/node_modules/.staging
145 silly doParallel extract 2
146 silly extract node-bin-setup@1.0.6
147 silly extract node@15.10.0
148 verbose unbuild lib/node_modules/.staging/node-bin-setup-e96ff650
149 silly gentlyRm /usr/local/lib/node_modules/.staging/node-bin-setup-e96ff650 is being purged from base /usr/local
150 verbose gentlyRm don't care about contents; nuking /usr/local/lib/node_modules/.staging/node-bin-setup-e96ff650
151 verbose tar unpack /home/sajja/.npm/node-bin-setup/1.0.6/package.tgz
152 verbose tar unpacking to /usr/local/lib/node_modules/.staging/node-bin-setup-e96ff650
153 silly gentlyRm /usr/local/lib/node_modules/.staging/node-bin-setup-e96ff650 is being purged
154 verbose gentlyRm don't care about contents; nuking /usr/local/lib/node_modules/.staging/node-bin-setup-e96ff650
155 silly gunzTarPerm modes [ '755', '644' ]
156 verbose unbuild lib/node_modules/.staging/node-120c5c5f
157 silly gentlyRm /usr/local/lib/node_modules/.staging/node-120c5c5f is being purged from base /usr/local
158 verbose gentlyRm don't care about contents; nuking /usr/local/lib/node_modules/.staging/node-120c5c5f
159 verbose tar unpack /home/sajja/.npm/node/15.10.0/package.tgz
160 verbose tar unpacking to /usr/local/lib/node_modules/.staging/node-120c5c5f
161 silly gentlyRm /usr/local/lib/node_modules/.staging/node-120c5c5f is being purged
162 verbose gentlyRm don't care about contents; nuking /usr/local/lib/node_modules/.staging/node-120c5c5f
163 silly gunzTarPerm modes [ '755', '644' ]
164 silly gunzTarPerm extractEntry package.json
165 silly gunzTarPerm extractEntry installArchSpecificPackage.js
166 silly gunzTarPerm extractEntry index.js
167 silly gunzTarPerm extractEntry package.json
168 silly gunzTarPerm extractEntry README.md
169 silly gentlyRm /usr/local/lib/node_modules/.staging/node-bin-setup-e96ff650/node_modules is being purged
170 verbose gentlyRm don't care about contents; nuking /usr/local/lib/node_modules/.staging/node-bin-setup-e96ff650/node_modules
171 silly gentlyRm /usr/local/lib/node_modules/.staging/node-120c5c5f/node_modules is being purged
172 verbose gentlyRm don't care about contents; nuking /usr/local/lib/node_modules/.staging/node-120c5c5f/node_modules
173 silly doParallel preinstall 2
174 silly preinstall node-bin-setup@1.0.6 /usr/local/lib/node_modules/.staging/node-bin-setup-e96ff650
175 info lifecycle node-bin-setup@1.0.6~preinstall: node-bin-setup@1.0.6
176 silly preinstall node@15.10.0 /usr/local/lib/node_modules/.staging/node-120c5c5f
177 info lifecycle node@15.10.0~preinstall: node@15.10.0
178 silly lifecycle node-bin-setup@1.0.6~preinstall: no script for preinstall, continuing
179 warn lifecycle node@15.10.0~preinstall: cannot run in wd %s %s (wd=%s) node@15.10.0 node installArchSpecificPackage /usr/local/lib/node_modules/.staging/node-120c5c5f
180 silly doReverseSerial remove 0
181 silly doSerial move 0
182 silly doSerial finalize 2
183 silly finalize /usr/local/lib/node_modules/node/node_modules/node-bin-setup
184 silly finalize /usr/local/lib/node_modules/node
185 silly doSerial build 2
186 silly build node-bin-setup@1.0.6
187 info linkStuff node-bin-setup@1.0.6
188 silly linkStuff node-bin-setup@1.0.6 has /usr/local/lib/node_modules/node/node_modules as its parent node_modules
189 silly linkStuff node-bin-setup@1.0.6 is part of a global install
190 silly linkStuff node-bin-setup@1.0.6 is installed into a global node_modules
191 verbose linkBins node-bin-setup@1.0.6
192 verbose linkMans node-bin-setup@1.0.6
193 silly build node@15.10.0
194 info linkStuff node@15.10.0
195 silly linkStuff node@15.10.0 has /usr/local/lib/node_modules as its parent node_modules
196 silly linkStuff node@15.10.0 is part of a global install
197 silly linkStuff node@15.10.0 is installed into a global node_modules
198 silly linkStuff node@15.10.0 is installed into the top-level global node_modules
199 verbose linkBins node@15.10.0
200 verbose link bins [ { node: 'bin/node' }, '/usr/local/bin', true ]
201 verbose linkMans node@15.10.0
202 verbose unlock done using /home/sajja/.npm/_locks/staging-3a08f0df5026584d.lock for /usr/local/lib/node_modules/.staging
203 silly rollbackFailedOptional Starting
204 silly rollbackFailedOptional Finishing
205 silly runTopLevelLifecycles Starting
206 silly runTopLevelLifecycles Finishing
207 silly install printInstalled
208 verbose stack Error: ENOENT: no such file or directory, chmod '/usr/local/lib/node_modules/node/bin/node'
209 verbose cwd /mnt/d/UIUC/2021-Spring/CS-411-DatabaseSystems/prospectus
210 error Linux 4.4.0-19041-Microsoft
211 error argv "/usr/bin/node" "/usr/bin/npm" "install" "node@latest" "-g"
212 error node v8.10.0
213 error npm  v3.5.2
214 error path /usr/local/lib/node_modules/node/bin/node
215 error code ENOENT
216 error errno -2
217 error syscall chmod
218 error enoent ENOENT: no such file or directory, chmod '/usr/local/lib/node_modules/node/bin/node'
219 error enoent ENOENT: no such file or directory, chmod '/usr/local/lib/node_modules/node/bin/node'
219 error enoent This is most likely not a problem with npm itself
219 error enoent and is related to npm not being able to find a file.
220 verbose exit [ -2, true ]
